21:39:50  [main] 	Initializing Control Panel
21:39:51  [main] 	Windows Version:  Home  64-bit
21:39:51  [main] 	XAMPP Version: 8.0.11
21:39:51  [main] 	Control Panel Version: 3.3.0  [ Compiled: Apr 6th 2021 ]
21:39:51  [main] 	You are not running with administrator rights! This will work for
21:39:51  [main] 	most application stuff but whenever you do something with services
21:39:51  [main] 	there will be a security dialogue or things will break! So think 
21:39:51  [main] 	about running this application with administrator rights!
21:39:51  [main] 	XAMPP Installation Directory: "c:\xampp\"
21:39:51  [main] 	Checking for prerequisites
21:40:19  [main] 	All prerequisites found
21:40:19  [main] 	Initializing Modules
21:40:19  [main] 	Starting Check-Timer
21:40:19  [main] 	Control Panel Ready
21:40:36  [Apache] 	Status change detected: running
22:32:57  [Apache] 	Status change detected: stopped
22:32:57  [Apache] 	Error: Apache shutdown unexpectedly.
22:32:57  [Apache] 	This may be due to a blocked port, missing dependencies, 
22:32:57  [Apache] 	improper privileges, a crash, or a shutdown by another method.
22:32:57  [Apache] 	Press the Logs button to view error logs and check
22:32:57  [Apache] 	the Windows Event Viewer for more clues
22:32:57  [Apache] 	If you need more help, copy and post this
22:32:57  [Apache] 	entire log window on the forums
22:33:15  [main] 	Deinitializing Modules
22:33:15  [main] 	Deinitializing Control Panel

17:04:14  [main] 	Initializing Control Panel
17:04:15  [main] 	Windows Version:  Home  64-bit
17:04:15  [main] 	XAMPP Version: 8.0.11
17:04:15  [main] 	Control Panel Version: 3.3.0  [ Compiled: Apr 6th 2021 ]
17:04:15  [main] 	You are not running with administrator rights! This will work for
17:04:15  [main] 	most application stuff but whenever you do something with services
17:04:15  [main] 	there will be a security dialogue or things will break! So think 
17:04:15  [main] 	about running this application with administrator rights!
17:04:15  [main] 	XAMPP Installation Directory: "c:\xampp\"
17:04:15  [main] 	Checking for prerequisites
17:05:02  [main] 	All prerequisites found
17:05:02  [main] 	Initializing Modules
17:05:02  [main] 	Starting Check-Timer
17:05:02  [main] 	Control Panel Ready
17:05:13  [Apache] 	Status change detected: running
17:07:30  [main] 	Deinitializing Modules
17:07:30  [main] 	Deinitializing Control Panel

21:04:07  [main] 	Initializing Control Panel
21:04:07  [main] 	Windows Version:  Home  64-bit
21:04:07  [main] 	XAMPP Version: 8.0.11
21:04:07  [main] 	Control Panel Version: 3.3.0  [ Compiled: Apr 6th 2021 ]
21:04:07  [main] 	You are not running with administrator rights! This will work for
21:04:07  [main] 	most application stuff but whenever you do something with services
21:04:07  [main] 	there will be a security dialogue or things will break! So think 
21:04:07  [main] 	about running this application with administrator rights!
21:04:07  [main] 	XAMPP Installation Directory: "c:\xampp\"
21:04:07  [main] 	Checking for prerequisites
21:04:23  [main] 	All prerequisites found
21:04:23  [main] 	Initializing Modules
21:04:23  [main] 	Starting Check-Timer
21:04:23  [main] 	Control Panel Ready
21:10:09  [Apache] 	Attempting to start Apache app...
21:10:09  [Apache] 	Status change detected: running
23:12:16  [main] 	Deinitializing Modules
23:12:16  [main] 	Deinitializing Control Panel

15:12:07  [main] 	Initializing Control Panel
15:12:07  [main] 	Windows Version:  Home  64-bit
15:12:07  [main] 	XAMPP Version: 8.0.11
15:12:07  [main] 	Control Panel Version: 3.3.0  [ Compiled: Apr 6th 2021 ]
15:12:07  [main] 	You are not running with administrator rights! This will work for
15:12:07  [main] 	most application stuff but whenever you do something with services
15:12:07  [main] 	there will be a security dialogue or things will break! So think 
15:12:07  [main] 	about running this application with administrator rights!
15:12:07  [main] 	XAMPP Installation Directory: "c:\xampp\"
15:12:07  [main] 	Checking for prerequisites
15:12:29  [main] 	All prerequisites found
15:12:29  [main] 	Initializing Modules
15:12:29  [main] 	Starting Check-Timer
15:12:29  [main] 	Control Panel Ready
15:12:34  [Apache] 	Status change detected: running
15:12:37  [mysql] 	Status change detected: running
17:19:29  [main] 	Deinitializing Modules
17:19:29  [main] 	Deinitializing Control Panel

22:10:36  [main] 	Initializing Control Panel
22:10:36  [main] 	Windows Version:  Home  64-bit
22:10:36  [main] 	XAMPP Version: 8.0.11
22:10:36  [main] 	Control Panel Version: 3.3.0  [ Compiled: Apr 6th 2021 ]
22:10:36  [main] 	You are not running with administrator rights! This will work for
22:10:36  [main] 	most application stuff but whenever you do something with services
22:10:36  [main] 	there will be a security dialogue or things will break! So think 
22:10:36  [main] 	about running this application with administrator rights!
22:10:36  [main] 	XAMPP Installation Directory: "c:\xampp\"
22:10:36  [main] 	Checking for prerequisites
22:11:47  [main] 	All prerequisites found
22:11:47  [main] 	Initializing Modules
22:11:48  [main] 	Starting Check-Timer
22:11:48  [main] 	Control Panel Ready
22:14:10  [Apache] 	Attempting to start Apache app...
22:14:11  [Apache] 	Status change detected: running
22:14:11  [mysql] 	Attempting to start MySQL app...
22:14:14  [mysql] 	Status change detected: running
22:54:06  [main] 	Deinitializing Modules
22:54:06  [main] 	Deinitializing Control Panel

12:33:22  [main] 	Initializing Control Panel
12:33:26  [main] 	Windows Version:  Home  64-bit
12:33:31  [main] 	XAMPP Version: 8.0.11
12:33:31  [main] 	Control Panel Version: 3.3.0  [ Compiled: Apr 6th 2021 ]
12:33:31  [main] 	You are not running with administrator rights! This will work for
12:33:31  [main] 	most application stuff but whenever you do something with services
12:33:31  [main] 	there will be a security dialogue or things will break! So think 
12:33:31  [main] 	about running this application with administrator rights!
12:33:31  [main] 	XAMPP Installation Directory: "c:\xampp\"
12:33:31  [main] 	Checking for prerequisites
12:34:17  [main] 	All prerequisites found
12:34:17  [main] 	Initializing Modules
12:34:17  [main] 	Starting Check-Timer
12:34:17  [main] 	Control Panel Ready
12:36:42  [Apache] 	Attempting to start Apache app...
12:36:43  [Apache] 	Status change detected: running
12:36:43  [mysql] 	Attempting to start MySQL app...
12:36:47  [mysql] 	Status change detected: running
13:54:34  [Apache] 	Attempting to stop Apache (PID: 8000)
13:54:34  [Apache] 	Attempting to stop Apache (PID: 12144)
13:54:34  [Apache] 	Status change detected: stopped
13:54:35  [mysql] 	Attempting to stop MySQL app...
13:54:35  [mysql] 	Status change detected: stopped
14:06:00  [main] 	Deinitializing Modules
14:06:00  [main] 	Deinitializing Control Panel

17:44:45  [main] 	Initializing Control Panel
17:44:45  [main] 	Windows Version:  Home  64-bit
17:44:45  [main] 	XAMPP Version: 8.0.11
17:44:45  [main] 	Control Panel Version: 3.3.0  [ Compiled: Apr 6th 2021 ]
17:44:45  [main] 	You are not running with administrator rights! This will work for
17:44:45  [main] 	most application stuff but whenever you do something with services
17:44:45  [main] 	there will be a security dialogue or things will break! So think 
17:44:45  [main] 	about running this application with administrator rights!
17:44:45  [main] 	XAMPP Installation Directory: "c:\xampp\"
17:44:45  [main] 	Checking for prerequisites
17:45:01  [main] 	All prerequisites found
17:45:01  [main] 	Initializing Modules
17:45:01  [main] 	Starting Check-Timer
17:45:01  [main] 	Control Panel Ready
17:45:29  [Apache] 	Attempting to start Apache app...
17:45:29  [Apache] 	Status change detected: running
17:45:31  [mysql] 	Attempting to start MySQL app...
17:45:31  [mysql] 	Status change detected: running
22:37:56  [main] 	Deinitializing Modules
22:37:56  [main] 	Deinitializing Control Panel

